<?xml version="1.0"?>
<!DOCTYPE coverage SYSTEM "http://cobertura.sourceforge.net/xml/coverage-04.dtd">

<coverage line-rate="0.631578947368421" branch-rate="1.0" lines-covered="24" lines-valid="38" branches-covered="0" branches-valid="0" complexity="1.0" version="1.9.4.1" timestamp="1427781261722">
	<sources>
		<source>C:/Users/tanvig/workspace/spring-mvc-ajax/src/main/java</source>
		<source>--source</source>
	</sources>
	<packages>
		<package name="com.codetutr.controller" line-rate="0.75" branch-rate="1.0" complexity="1.0">
			<classes>
				<class name="com.codetutr.controller.PersonController" filename="com/codetutr/controller/PersonController.java" line-rate="0.75" branch-rate="1.0" complexity="1.0">
					<methods>
						<method name="&lt;init&gt;" signature="(Lcom/codetutr/service/PersonService;)V" line-rate="1.0" branch-rate="1.0">
							<lines>
								<line number="21" hits="3" branch="false"/>
								<line number="22" hits="3" branch="false"/>
								<line number="23" hits="3" branch="false"/>
							</lines>
						</method>
						<method name="getById" signature="(Ljava/lang/Long;)Lcom/codetutr/domain/Person;" line-rate="1.0" branch-rate="1.0">
							<lines>
								<line number="34" hits="1" branch="false"/>
							</lines>
						</method>
						<method name="getByIdFromParam" signature="(Ljava/lang/Long;)Lcom/codetutr/domain/Person;" line-rate="1.0" branch-rate="1.0">
							<lines>
								<line number="43" hits="1" branch="false"/>
							</lines>
						</method>
						<method name="randomPerson" signature="()Lcom/codetutr/domain/Person;" line-rate="1.0" branch-rate="1.0">
							<lines>
								<line number="28" hits="1" branch="false"/>
							</lines>
						</method>
						<method name="savePerson" signature="(Lcom/codetutr/domain/Person;)Ljava/lang/String;" line-rate="0.0" branch-rate="1.0">
							<lines>
								<line number="55" hits="0" branch="false"/>
								<line number="56" hits="0" branch="false"/>
							</lines>
						</method>
					</methods>
					<lines>
						<line number="21" hits="3" branch="false"/>
						<line number="22" hits="3" branch="false"/>
						<line number="23" hits="3" branch="false"/>
						<line number="28" hits="1" branch="false"/>
						<line number="34" hits="1" branch="false"/>
						<line number="43" hits="1" branch="false"/>
						<line number="55" hits="0" branch="false"/>
						<line number="56" hits="0" branch="false"/>
					</lines>
				</class>
			</classes>
		</package>
		<package name="com.codetutr.domain" line-rate="1.0" branch-rate="1.0" complexity="1.0">
			<classes>
				<class name="com.codetutr.domain.Person" filename="com/codetutr/domain/Person.java" line-rate="1.0" branch-rate="1.0" complexity="1.0">
					<methods>
						<method name="&lt;init&gt;" signature="()V" line-rate="1.0" branch-rate="1.0">
							<lines>
								<line number="4" hits="9" branch="false"/>
							</lines>
						</method>
						<method name="getAge" signature="()Ljava/lang/Integer;" line-rate="1.0" branch-rate="1.0">
							<lines>
								<line number="18" hits="1" branch="false"/>
							</lines>
						</method>
						<method name="getName" signature="()Ljava/lang/String;" line-rate="1.0" branch-rate="1.0">
							<lines>
								<line number="10" hits="4" branch="false"/>
							</lines>
						</method>
						<method name="setAge" signature="(Ljava/lang/Integer;)V" line-rate="1.0" branch-rate="1.0">
							<lines>
								<line number="22" hits="7" branch="false"/>
								<line number="23" hits="7" branch="false"/>
							</lines>
						</method>
						<method name="setName" signature="(Ljava/lang/String;)V" line-rate="1.0" branch-rate="1.0">
							<lines>
								<line number="14" hits="7" branch="false"/>
								<line number="15" hits="7" branch="false"/>
							</lines>
						</method>
						<method name="toString" signature="()Ljava/lang/String;" line-rate="1.0" branch-rate="1.0">
							<lines>
								<line number="27" hits="1" branch="false"/>
							</lines>
						</method>
					</methods>
					<lines>
						<line number="4" hits="9" branch="false"/>
						<line number="10" hits="4" branch="false"/>
						<line number="14" hits="7" branch="false"/>
						<line number="15" hits="7" branch="false"/>
						<line number="18" hits="1" branch="false"/>
						<line number="22" hits="7" branch="false"/>
						<line number="23" hits="7" branch="false"/>
						<line number="27" hits="1" branch="false"/>
					</lines>
				</class>
			</classes>
		</package>
		<package name="com.codetutr.service" line-rate="0.6666666666666666" branch-rate="1.0" complexity="1.0">
			<classes>
				<class name="com.codetutr.service.PersonService" filename="com/codetutr/service/PersonService.java" line-rate="1.0" branch-rate="1.0" complexity="1.0">
					<methods>
					</methods>
					<lines>
					</lines>
				</class>
				<class name="com.codetutr.service.PersonServiceImpl" filename="com/codetutr/service/PersonServiceImpl.java" line-rate="0.6666666666666666" branch-rate="1.0" complexity="1.0">
					<methods>
						<method name="&lt;init&gt;" signature="()V" line-rate="1.0" branch-rate="1.0">
							<lines>
								<line number="10" hits="5" branch="false"/>
								<line number="12" hits="5" branch="false"/>
							</lines>
						</method>
						<method name="getById" signature="(Ljava/lang/Long;)Lcom/codetutr/domain/Person;" line-rate="0.0" branch-rate="1.0">
							<lines>
								<line number="23" hits="0" branch="false"/>
								<line number="24" hits="0" branch="false"/>
								<line number="25" hits="0" branch="false"/>
								<line number="26" hits="0" branch="false"/>
							</lines>
						</method>
						<method name="getRandom" signature="()Lcom/codetutr/domain/Person;" line-rate="1.0" branch-rate="1.0">
							<lines>
								<line number="16" hits="1" branch="false"/>
								<line number="17" hits="1" branch="false"/>
								<line number="18" hits="1" branch="false"/>
								<line number="19" hits="1" branch="false"/>
							</lines>
						</method>
						<method name="randomAge" signature="()Ljava/lang/Integer;" line-rate="1.0" branch-rate="1.0">
							<lines>
								<line number="34" hits="1" branch="false"/>
								<line number="35" hits="1" branch="false"/>
							</lines>
						</method>
						<method name="randomName" signature="()Ljava/lang/String;" line-rate="1.0" branch-rate="1.0">
							<lines>
								<line number="39" hits="1" branch="false"/>
								<line number="40" hits="1" branch="false"/>
							</lines>
						</method>
						<method name="save" signature="(Lcom/codetutr/domain/Person;)V" line-rate="0.0" branch-rate="1.0">
							<lines>
								<line number="31" hits="0" branch="false"/>
							</lines>
						</method>
					</methods>
					<lines>
						<line number="10" hits="5" branch="false"/>
						<line number="12" hits="5" branch="false"/>
						<line number="16" hits="1" branch="false"/>
						<line number="17" hits="1" branch="false"/>
						<line number="18" hits="1" branch="false"/>
						<line number="19" hits="1" branch="false"/>
						<line number="23" hits="0" branch="false"/>
						<line number="24" hits="0" branch="false"/>
						<line number="25" hits="0" branch="false"/>
						<line number="26" hits="0" branch="false"/>
						<line number="31" hits="0" branch="false"/>
						<line number="34" hits="1" branch="false"/>
						<line number="35" hits="1" branch="false"/>
						<line number="39" hits="1" branch="false"/>
						<line number="40" hits="1" branch="false"/>
					</lines>
				</class>
			</classes>
		</package>
		<package name="com.codetutr.springconfig" line-rate="0.0" branch-rate="1.0" complexity="1.0">
			<classes>
				<class name="com.codetutr.springconfig.WebConfig" filename="com/codetutr/springconfig/WebConfig.java" line-rate="0.0" branch-rate="1.0" complexity="1.0">
					<methods>
						<method name="&lt;init&gt;" signature="()V" line-rate="0.0" branch-rate="1.0">
							<lines>
								<line number="14" hits="0" branch="false"/>
							</lines>
						</method>
						<method name="addViewControllers" signature="(Lorg/springframework/web/servlet/config/annotation/ViewControllerRegistry;)V" line-rate="0.0" branch-rate="1.0">
							<lines>
								<line number="24" hits="0" branch="false"/>
								<line number="25" hits="0" branch="false"/>
							</lines>
						</method>
						<method name="viewResolver" signature="()Lorg/springframework/web/servlet/view/InternalResourceViewResolver;" line-rate="0.0" branch-rate="1.0">
							<lines>
								<line number="29" hits="0" branch="false"/>
								<line number="30" hits="0" branch="false"/>
								<line number="31" hits="0" branch="false"/>
								<line number="32" hits="0" branch="false"/>
							</lines>
						</method>
					</methods>
					<lines>
						<line number="14" hits="0" branch="false"/>
						<line number="24" hits="0" branch="false"/>
						<line number="25" hits="0" branch="false"/>
						<line number="29" hits="0" branch="false"/>
						<line number="30" hits="0" branch="false"/>
						<line number="31" hits="0" branch="false"/>
						<line number="32" hits="0" branch="false"/>
					</lines>
				</class>
			</classes>
		</package>
	</packages>
</coverage>
